<?xml version="1.0" encoding="utf-8"?>
<coverage line-rate="0.8381000000000001" branch-rate="0.8" version="1.9" timestamp="1600704288" lines-covered="523" lines-valid="624" branches-covered="48" branches-valid="60">
  <sources>
    <source>/Users/rennyfadoju/Documents/Client_Projects/Hackney/rest-apis/academy-resident-information-api/AcademyResidentInformationApi/</source>
  </sources>
  <packages>
    <package name="AcademyResidentInformationApi" line-rate="0.8381000000000001" branch-rate="0.8" complexity="223">
      <classes>
        <class name="AcademyResidentInformationApi.LambdaEntryPoint" filename="LambdaEntryPoint.cs" line-rate="0" branch-rate="1" complexity="1">
          <methods>
            <method name="Init" signature="(Microsoft.AspNetCore.Hosting.IWebHostBuilder)" line-rate="0" branch-rate="1" complexity="1">
              <lines>
                <line number="9" hits="0" branch="False" />
                <line number="10" hits="0" branch="False" />
                <line number="11" hits="0" branch="False" />
              </lines>
            </method>
          </methods>
          <lines>
            <line number="9" hits="0" branch="False" />
            <line number="10" hits="0" branch="False" />
            <line number="11" hits="0" branch="False" />
          </lines>
        </class>
        <class name="AcademyResidentInformationApi.Program" filename="Program.cs" line-rate="0.4" branch-rate="1" complexity="2">
          <methods>
            <method name="Main" signature="(System.String[])" line-rate="0" branch-rate="1" complexity="1">
              <lines>
                <line number="10" hits="0" branch="False" />
                <line number="11" hits="0" branch="False" />
                <line number="12" hits="0" branch="False" />
              </lines>
            </method>
            <method name="CreateWebHostBuilder" signature="(System.String[])" line-rate="1" branch-rate="1" complexity="1">
              <lines>
                <line number="15" hits="9" branch="False" />
                <line number="16" hits="9" branch="False" />
              </lines>
            </method>
          </methods>
          <lines>
            <line number="10" hits="0" branch="False" />
            <line number="11" hits="0" branch="False" />
            <line number="12" hits="0" branch="False" />
            <line number="15" hits="9" branch="False" />
            <line number="16" hits="9" branch="False" />
          </lines>
        </class>
        <class name="AcademyResidentInformationApi.Startup" filename="Startup.cs" line-rate="0.8448" branch-rate="0.5" complexity="23">
          <methods>
            <method name="get_Configuration" signature="()" line-rate="0" branch-rate="1" complexity="1">
              <lines>
                <line number="32" hits="0" branch="False" />
              </lines>
            </method>
            <method name="get__apiVersions" signature="()" line-rate="1" branch-rate="1" complexity="1">
              <lines>
                <line number="33" hits="26" branch="False" />
              </lines>
            </method>
            <method name="ConfigureServices" signature="(Microsoft.Extensions.DependencyInjection.IServiceCollection)" line-rate="0.8732" branch-rate="0.3333" complexity="12">
              <lines>
                <line number="39" hits="9" branch="False" />
                <line number="40" hits="9" branch="False" />
                <line number="41" hits="9" branch="False" />
                <line number="42" hits="9" branch="False" />
                <line number="43" hits="9" branch="False" />
                <line number="44" hits="18" branch="False" />
                <line number="45" hits="18" branch="False" />
                <line number="46" hits="18" branch="False" />
                <line number="47" hits="18" branch="False" />
                <line number="48" hits="18" branch="False" />
                <line number="50" hits="9" branch="False" />
                <line number="52" hits="9" branch="False" />
                <line number="53" hits="17" branch="False" />
                <line number="54" hits="17" branch="False" />
                <line number="55" hits="17" branch="False" />
                <line number="56" hits="17" branch="False" />
                <line number="57" hits="17" branch="False" />
                <line number="58" hits="17" branch="False" />
                <line number="59" hits="17" branch="False" />
                <line number="60" hits="17" branch="False" />
                <line number="61" hits="17" branch="False" />
                <line number="62" hits="9" branch="False" />
                <line number="63" hits="17" branch="False" />
                <line number="64" hits="17" branch="False" />
                <line number="65" hits="17" branch="False" />
                <line number="66" hits="17" branch="False" />
                <line number="67" hits="17" branch="False" />
                <line number="68" hits="17" branch="False" />
                <line number="69" hits="17" branch="False" />
                <line number="70" hits="17" branch="False" />
                <line number="71" hits="17" branch="False" />
                <line number="72" hits="17" branch="False" />
                <line number="73" hits="9" branch="False" />
                <line number="74" hits="9" branch="False" />
                <line number="75" hits="9" branch="False" />
                <line number="76" hits="9" branch="False" />
                <line number="77" hits="17" branch="False" />
                <line number="78" hits="0" branch="False" />
                <line number="79" hits="0" branch="False" />
                <line number="80" hits="17" branch="False" />
                <line number="81" hits="0" branch="True" condition-coverage="0% (0/4)">
                  <conditions>
                    <condition number="24" type="jump" coverage="0%" />
                    <condition number="36" type="jump" coverage="0%" />
                  </conditions>
                </line>
                <line number="82" hits="0" branch="False" />
                <line number="83" hits="0" branch="False" />
                <line number="84" hits="0" branch="False" />
                <line number="85" hits="17" branch="False" />
                <line number="86" hits="0" branch="True" condition-coverage="0% (0/4)">
                  <conditions>
                    <condition number="7" type="jump" coverage="0%" />
                    <condition number="95" type="jump" coverage="0%" />
                  </conditions>
                </line>
                <line number="87" hits="0" branch="False" />
                <line number="88" hits="9" branch="False" />
                <line number="89" hits="9" branch="False" />
                <line number="90" hits="49" branch="True" condition-coverage="100% (2/2)">
                  <conditions>
                    <condition number="282" type="jump" coverage="100%" />
                  </conditions>
                </line>
                <line number="91" hits="17" branch="False" />
                <line number="92" hits="17" branch="False" />
                <line number="93" hits="17" branch="False" />
                <line number="94" hits="17" branch="False" />
                <line number="95" hits="17" branch="False" />
                <line number="96" hits="17" branch="False" />
                <line number="97" hits="17" branch="False" />
                <line number="98" hits="17" branch="False" />
                <line number="99" hits="17" branch="False" />
                <line number="100" hits="9" branch="False" />
                <line number="101" hits="0" branch="False" />
                <line number="102" hits="9" branch="False" />
                <line number="103" hits="17" branch="False" />
                <line number="104" hits="17" branch="False" />
                <line number="105" hits="17" branch="True" condition-coverage="100% (2/2)">
                  <conditions>
                    <condition number="387" type="jump" coverage="100%" />
                  </conditions>
                </line>
                <line number="106" hits="17" branch="False" />
                <line number="107" hits="17" branch="False" />
                <line number="108" hits="9" branch="False" />
                <line number="109" hits="9" branch="False" />
                <line number="110" hits="9" branch="False" />
                <line number="111" hits="9" branch="False" />
              </lines>
            </method>
            <method name="ConfigureDbContext" signature="(Microsoft.Extensions.DependencyInjection.IServiceCollection)" line-rate="0.75" branch-rate="1" complexity="2">
              <lines>
                <line number="114" hits="9" branch="False" />
                <line number="116" hits="9" branch="True" condition-coverage="100% (2/2)">
                  <conditions>
                    <condition number="19" type="jump" coverage="100%" />
                  </conditions>
                </line>
                <line number="117" hits="0" branch="False" />
                <line number="118" hits="9" branch="False" />
              </lines>
            </method>
            <method name="RegisterGateways" signature="(Microsoft.Extensions.DependencyInjection.IServiceCollection)" line-rate="1" branch-rate="1" complexity="1">
              <lines>
                <line number="121" hits="9" branch="False" />
                <line number="122" hits="9" branch="False" />
                <line number="123" hits="9" branch="False" />
              </lines>
            </method>
            <method name="RegisterUseCases" signature="(Microsoft.Extensions.DependencyInjection.IServiceCollection)" line-rate="1" branch-rate="1" complexity="1">
              <lines>
                <line number="126" hits="9" branch="False" />
                <line number="127" hits="9" branch="False" />
                <line number="128" hits="9" branch="False" />
                <line number="129" hits="9" branch="False" />
                <line number="130" hits="9" branch="False" />
              </lines>
            </method>
            <method name="Configure" signature="(Microsoft.AspNetCore.Builder.IApplicationBuilder,Microsoft.AspNetCore.Hosting.IWebHostEnvironment)" line-rate="0.8887999999999999" branch-rate="0.75" complexity="4">
              <lines>
                <line number="134" hits="9" branch="False" />
                <line number="135" hits="9" branch="True" condition-coverage="50% (1/2)">
                  <conditions>
                    <condition number="9" type="jump" coverage="50%" />
                  </conditions>
                </line>
                <line number="136" hits="9" branch="False" />
                <line number="137" hits="9" branch="False" />
                <line number="138" hits="9" branch="False" />
                <line number="140" hits="0" branch="False" />
                <line number="141" hits="0" branch="False" />
                <line number="142" hits="0" branch="False" />
                <line number="145" hits="9" branch="False" />
                <line number="146" hits="9" branch="False" />
                <line number="149" hits="9" branch="False" />
                <line number="150" hits="18" branch="False" />
                <line number="151" hits="54" branch="True" condition-coverage="100% (2/2)">
                  <conditions>
                    <condition number="71" type="jump" coverage="100%" />
                  </conditions>
                </line>
                <line number="152" hits="18" branch="False" />
                <line number="153" hits="9" branch="False" />
                <line number="154" hits="18" branch="False" />
                <line number="155" hits="18" branch="False" />
                <line number="156" hits="18" branch="False" />
                <line number="157" hits="18" branch="False" />
                <line number="158" hits="9" branch="False" />
                <line number="159" hits="9" branch="False" />
                <line number="160" hits="9" branch="False" />
                <line number="161" hits="18" branch="False" />
                <line number="162" hits="9" branch="False" />
                <line number="163" hits="18" branch="False" />
                <line number="164" hits="18" branch="False" />
                <line number="165" hits="9" branch="False" />
              </lines>
            </method>
            <method name=".ctor" signature="(Microsoft.Extensions.Configuration.IConfiguration)" line-rate="0" branch-rate="1" complexity="1">
              <lines>
                <line number="27" hits="0" branch="False" />
                <line number="28" hits="0" branch="False" />
                <line number="29" hits="0" branch="False" />
                <line number="30" hits="0" branch="False" />
              </lines>
            </method>
          </methods>
          <lines>
            <line number="32" hits="0" branch="False" />
            <line number="33" hits="26" branch="False" />
            <line number="39" hits="9" branch="False" />
            <line number="40" hits="9" branch="False" />
            <line number="41" hits="9" branch="False" />
            <line number="42" hits="9" branch="False" />
            <line number="43" hits="9" branch="False" />
            <line number="44" hits="18" branch="False" />
            <line number="45" hits="18" branch="False" />
            <line number="46" hits="18" branch="False" />
            <line number="47" hits="18" branch="False" />
            <line number="48" hits="18" branch="False" />
            <line number="50" hits="9" branch="False" />
            <line number="52" hits="9" branch="False" />
            <line number="53" hits="17" branch="False" />
            <line number="54" hits="17" branch="False" />
            <line number="55" hits="17" branch="False" />
            <line number="56" hits="17" branch="False" />
            <line number="57" hits="17" branch="False" />
            <line number="58" hits="17" branch="False" />
            <line number="59" hits="17" branch="False" />
            <line number="60" hits="17" branch="False" />
            <line number="61" hits="17" branch="False" />
            <line number="62" hits="9" branch="False" />
            <line number="63" hits="17" branch="False" />
            <line number="64" hits="17" branch="False" />
            <line number="65" hits="17" branch="False" />
            <line number="66" hits="17" branch="False" />
            <line number="67" hits="17" branch="False" />
            <line number="68" hits="17" branch="False" />
            <line number="69" hits="17" branch="False" />
            <line number="70" hits="17" branch="False" />
            <line number="71" hits="17" branch="False" />
            <line number="72" hits="17" branch="False" />
            <line number="73" hits="9" branch="False" />
            <line number="74" hits="9" branch="False" />
            <line number="75" hits="9" branch="False" />
            <line number="76" hits="9" branch="False" />
            <line number="77" hits="17" branch="False" />
            <line number="78" hits="0" branch="False" />
            <line number="79" hits="0" branch="False" />
            <line number="80" hits="17" branch="False" />
            <line number="81" hits="0" branch="True" condition-coverage="0% (0/4)">
              <conditions>
                <condition number="24" type="jump" coverage="0%" />
                <condition number="36" type="jump" coverage="0%" />
              </conditions>
            </line>
            <line number="82" hits="0" branch="False" />
            <line number="83" hits="0" branch="False" />
            <line number="84" hits="0" branch="False" />
            <line number="85" hits="17" branch="False" />
            <line number="86" hits="0" branch="True" condition-coverage="0% (0/4)">
              <conditions>
                <condition number="7" type="jump" coverage="0%" />
                <condition number="95" type="jump" coverage="0%" />
              </conditions>
            </line>
            <line number="87" hits="0" branch="False" />
            <line number="88" hits="9" branch="False" />
            <line number="89" hits="9" branch="False" />
            <line number="90" hits="49" branch="True" condition-coverage="100% (2/2)">
              <conditions>
                <condition number="282" type="jump" coverage="100%" />
              </conditions>
            </line>
            <line number="91" hits="17" branch="False" />
            <line number="92" hits="17" branch="False" />
            <line number="93" hits="17" branch="False" />
            <line number="94" hits="17" branch="False" />
            <line number="95" hits="17" branch="False" />
            <line number="96" hits="17" branch="False" />
            <line number="97" hits="17" branch="False" />
            <line number="98" hits="17" branch="False" />
            <line number="99" hits="17" branch="False" />
            <line number="100" hits="9" branch="False" />
            <line number="101" hits="0" branch="False" />
            <line number="102" hits="9" branch="False" />
            <line number="103" hits="17" branch="False" />
            <line number="104" hits="17" branch="False" />
            <line number="105" hits="17" branch="True" condition-coverage="100% (2/2)">
              <conditions>
                <condition number="387" type="jump" coverage="100%" />
              </conditions>
            </line>
            <line number="106" hits="17" branch="False" />
            <line number="107" hits="17" branch="False" />
            <line number="108" hits="9" branch="False" />
            <line number="109" hits="9" branch="False" />
            <line number="110" hits="9" branch="False" />
            <line number="111" hits="9" branch="False" />
            <line number="114" hits="9" branch="False" />
            <line number="116" hits="9" branch="True" condition-coverage="100% (2/2)">
              <conditions>
                <condition number="19" type="jump" coverage="100%" />
              </conditions>
            </line>
            <line number="117" hits="0" branch="False" />
            <line number="118" hits="9" branch="False" />
            <line number="121" hits="9" branch="False" />
            <line number="122" hits="9" branch="False" />
            <line number="123" hits="9" branch="False" />
            <line number="126" hits="9" branch="False" />
            <line number="127" hits="9" branch="False" />
            <line number="128" hits="9" branch="False" />
            <line number="129" hits="9" branch="False" />
            <line number="130" hits="9" branch="False" />
            <line number="134" hits="9" branch="False" />
            <line number="135" hits="9" branch="True" condition-coverage="50% (1/2)">
              <conditions>
                <condition number="9" type="jump" coverage="50%" />
              </conditions>
            </line>
            <line number="136" hits="9" branch="False" />
            <line number="137" hits="9" branch="False" />
            <line number="138" hits="9" branch="False" />
            <line number="140" hits="0" branch="False" />
            <line number="141" hits="0" branch="False" />
            <line number="142" hits="0" branch="False" />
            <line number="145" hits="9" branch="False" />
            <line number="146" hits="9" branch="False" />
            <line number="149" hits="9" branch="False" />
            <line number="150" hits="18" branch="False" />
            <line number="151" hits="54" branch="True" condition-coverage="100% (2/2)">
              <conditions>
                <condition number="71" type="jump" coverage="100%" />
              </conditions>
            </line>
            <line number="152" hits="18" branch="False" />
            <line number="153" hits="9" branch="False" />
            <line number="154" hits="18" branch="False" />
            <line number="155" hits="18" branch="False" />
            <line number="156" hits="18" branch="False" />
            <line number="157" hits="18" branch="False" />
            <line number="158" hits="9" branch="False" />
            <line number="159" hits="9" branch="False" />
            <line number="160" hits="9" branch="False" />
            <line number="161" hits="18" branch="False" />
            <line number="162" hits="9" branch="False" />
            <line number="163" hits="18" branch="False" />
            <line number="164" hits="18" branch="False" />
            <line number="165" hits="9" branch="False" />
            <line number="27" hits="0" branch="False" />
            <line number="28" hits="0" branch="False" />
            <line number="29" hits="0" branch="False" />
            <line number="30" hits="0" branch="False" />
          </lines>
        </class>
        <class name="AcademyResidentInformationApi.Versioning.ApiVersionDescriptionExtensions" filename="Versioning/ApiVersionDescriptionExtensions.cs" line-rate="1" branch-rate="1" complexity="1">
          <methods>
            <method name="GetFormattedApiVersion" signature="(Microsoft.AspNetCore.Mvc.ApiExplorer.ApiVersionDescription)" line-rate="1" branch-rate="1" complexity="1">
              <lines>
                <line number="8" hits="18" branch="False" />
                <line number="9" hits="18" branch="False" />
                <line number="10" hits="18" branch="False" />
              </lines>
            </method>
          </methods>
          <lines>
            <line number="8" hits="18" branch="False" />
            <line number="9" hits="18" branch="False" />
            <line number="10" hits="18" branch="False" />
          </lines>
        </class>
        <class name="AcademyResidentInformationApi.Versioning.ApiVersionExtensions" filename="Versioning/ApiVersionExtensions.cs" line-rate="0" branch-rate="1" complexity="1">
          <methods>
            <method name="GetFormattedApiVersion" signature="(Microsoft.AspNetCore.Mvc.ApiVersion)" line-rate="0" branch-rate="1" complexity="1">
              <lines>
                <line number="8" hits="0" branch="False" />
                <line number="9" hits="0" branch="False" />
                <line number="10" hits="0" branch="False" />
              </lines>
            </method>
          </methods>
          <lines>
            <line number="8" hits="0" branch="False" />
            <line number="9" hits="0" branch="False" />
            <line number="10" hits="0" branch="False" />
          </lines>
        </class>
        <class name="AcademyResidentInformationApi.Migrations.AddInitialIndexes" filename="V1/Infrastructure/Migrations/20200915085446_AddInitialIndexes.cs" line-rate="0" branch-rate="1" complexity="2">
          <methods>
            <method name="Up" signature="(Microsoft.EntityFrameworkCore.Migrations.MigrationBuilder)" line-rate="0" branch-rate="1" complexity="1">
              <lines>
                <line number="8" hits="0" branch="False" />
                <line number="9" hits="0" branch="False" />
                <line number="10" hits="0" branch="False" />
                <line number="11" hits="0" branch="False" />
                <line number="12" hits="0" branch="False" />
                <line number="13" hits="0" branch="False" />
                <line number="14" hits="0" branch="False" />
                <line number="15" hits="0" branch="False" />
                <line number="16" hits="0" branch="False" />
                <line number="17" hits="0" branch="False" />
                <line number="18" hits="0" branch="False" />
                <line number="19" hits="0" branch="False" />
                <line number="20" hits="0" branch="False" />
                <line number="21" hits="0" branch="False" />
                <line number="23" hits="0" branch="False" />
              </lines>
            </method>
            <method name="Down" signature="(Microsoft.EntityFrameworkCore.Migrations.MigrationBuilder)" line-rate="0" branch-rate="1" complexity="1">
              <lines>
                <line number="26" hits="0" branch="False" />
                <line number="27" hits="0" branch="False" />
                <line number="28" hits="0" branch="False" />
                <line number="29" hits="0" branch="False" />
                <line number="30" hits="0" branch="False" />
                <line number="31" hits="0" branch="False" />
                <line number="32" hits="0" branch="False" />
                <line number="33" hits="0" branch="False" />
                <line number="34" hits="0" branch="False" />
                <line number="35" hits="0" branch="False" />
                <line number="36" hits="0" branch="False" />
                <line number="37" hits="0" branch="False" />
                <line number="38" hits="0" branch="False" />
                <line number="40" hits="0" branch="False" />
              </lines>
            </method>
          </methods>
          <lines>
            <line number="8" hits="0" branch="False" />
            <line number="9" hits="0" branch="False" />
            <line number="10" hits="0" branch="False" />
            <line number="11" hits="0" branch="False" />
            <line number="12" hits="0" branch="False" />
            <line number="13" hits="0" branch="False" />
            <line number="14" hits="0" branch="False" />
            <line number="15" hits="0" branch="False" />
            <line number="16" hits="0" branch="False" />
            <line number="17" hits="0" branch="False" />
            <line number="18" hits="0" branch="False" />
            <line number="19" hits="0" branch="False" />
            <line number="20" hits="0" branch="False" />
            <line number="21" hits="0" branch="False" />
            <line number="23" hits="0" branch="False" />
            <line number="26" hits="0" branch="False" />
            <line number="27" hits="0" branch="False" />
            <line number="28" hits="0" branch="False" />
            <line number="29" hits="0" branch="False" />
            <line number="30" hits="0" branch="False" />
            <line number="31" hits="0" branch="False" />
            <line number="32" hits="0" branch="False" />
            <line number="33" hits="0" branch="False" />
            <line number="34" hits="0" branch="False" />
            <line number="35" hits="0" branch="False" />
            <line number="36" hits="0" branch="False" />
            <line number="37" hits="0" branch="False" />
            <line number="38" hits="0" branch="False" />
            <line number="40" hits="0" branch="False" />
          </lines>
        </class>
        <class name="AcademyResidentInformationApi.Migrations.AddInitialIndexes" filename="V1/Infrastructure/Migrations/20200915085446_AddInitialIndexes.Designer.cs" line-rate="0" branch-rate="1" complexity="1">
          <methods>
            <method name="BuildTargetModel" signature="(Microsoft.EntityFrameworkCore.ModelBuilder)" line-rate="0" branch-rate="1" complexity="1">
              <lines>
                <line number="17" hits="0" branch="False" />
                <line number="19" hits="0" branch="False" />
                <line number="20" hits="0" branch="False" />
                <line number="21" hits="0" branch="False" />
                <line number="22" hits="0" branch="False" />
                <line number="24" hits="0" branch="False" />
              </lines>
            </method>
          </methods>
          <lines>
            <line number="17" hits="0" branch="False" />
            <line number="19" hits="0" branch="False" />
            <line number="20" hits="0" branch="False" />
            <line number="21" hits="0" branch="False" />
            <line number="22" hits="0" branch="False" />
            <line number="24" hits="0" branch="False" />
          </lines>
        </class>
        <class name="AcademyResidentInformationApi.Migrations.AcademyContextModelSnapshot" filename="V1/Infrastructure/Migrations/AcademyContextModelSnapshot.cs" line-rate="0" branch-rate="1" complexity="1">
          <methods>
            <method name="BuildModel" signature="(Microsoft.EntityFrameworkCore.ModelBuilder)" line-rate="0" branch-rate="1" complexity="1">
              <lines>
                <line number="15" hits="0" branch="False" />
                <line number="17" hits="0" branch="False" />
                <line number="18" hits="0" branch="False" />
                <line number="19" hits="0" branch="False" />
                <line number="20" hits="0" branch="False" />
                <line number="22" hits="0" branch="False" />
              </lines>
            </method>
          </methods>
          <lines>
            <line number="15" hits="0" branch="False" />
            <line number="17" hits="0" branch="False" />
            <line number="18" hits="0" branch="False" />
            <line number="19" hits="0" branch="False" />
            <line number="20" hits="0" branch="False" />
            <line number="22" hits="0" branch="False" />
          </lines>
        </class>
        <class name="AcademyResidentInformationApi.V1.UseCase.DbHealthCheckUseCase" filename="V1/UseCase/DbHealthCheckUseCase.cs" line-rate="1" branch-rate="1" complexity="2">
          <methods>
            <method name="Execute" signature="()" line-rate="1" branch-rate="1" complexity="1">
              <lines>
                <line number="16" hits="1" branch="False" />
                <line number="17" hits="1" branch="False" />
                <line number="19" hits="1" branch="False" />
                <line number="20" hits="1" branch="False" />
                <line number="21" hits="1" branch="False" />
              </lines>
            </method>
            <method name=".ctor" signature="(Microsoft.Extensions.HealthChecks.IHealthCheckService)" line-rate="1" branch-rate="1" complexity="1">
              <lines>
                <line number="10" hits="1" branch="False" />
                <line number="11" hits="1" branch="False" />
                <line number="12" hits="1" branch="False" />
                <line number="13" hits="1" branch="False" />
              </lines>
            </method>
          </methods>
          <lines>
            <line number="16" hits="1" branch="False" />
            <line number="17" hits="1" branch="False" />
            <line number="19" hits="1" branch="False" />
            <line number="20" hits="1" branch="False" />
            <line number="21" hits="1" branch="False" />
            <line number="10" hits="1" branch="False" />
            <line number="11" hits="1" branch="False" />
            <line number="12" hits="1" branch="False" />
            <line number="13" hits="1" branch="False" />
          </lines>
        </class>
        <class name="AcademyResidentInformationApi.V1.UseCase.GetAllClaimantsUseCase" filename="V1/UseCase/GetAllClaimantsUseCase.cs" line-rate="0.9736" branch-rate="0.9166" complexity="13">
          <methods>
            <method name="Execute" signature="(AcademyResidentInformationApi.V1.Boundary.Requests.ClaimantQueryParam,System.String,System.Int32)" line-rate="1" branch-rate="1" complexity="8">
              <lines>
                <line number="23" hits="11" branch="False" />
                <line number="25" hits="11" branch="True" condition-coverage="100% (2/2)">
                  <conditions>
                    <condition number="17" type="jump" coverage="100%" />
                  </conditions>
                </line>
                <line number="26" hits="2" branch="False" />
                <line number="28" hits="11" branch="True" condition-coverage="100% (2/2)">
                  <conditions>
                    <condition number="35" type="jump" coverage="100%" />
                  </conditions>
                </line>
                <line number="29" hits="11" branch="True" condition-coverage="100% (2/2)">
                  <conditions>
                    <condition number="47" type="jump" coverage="100%" />
                  </conditions>
                </line>
                <line number="32" hits="11" branch="False" />
                <line number="34" hits="10" branch="False" />
                <line number="35" hits="10" branch="True" condition-coverage="100% (2/2)">
                  <conditions>
                    <condition number="113" type="jump" coverage="100%" />
                  </conditions>
                </line>
                <line number="36" hits="10" branch="False" />
                <line number="37" hits="10" branch="False" />
                <line number="38" hits="10" branch="False" />
                <line number="39" hits="10" branch="False" />
                <line number="40" hits="10" branch="False" />
                <line number="41" hits="10" branch="False" />
              </lines>
            </method>
            <method name="DeconstructCursor" signature="(System.String)" line-rate="1" branch-rate="1" complexity="2">
              <lines>
                <line number="44" hits="11" branch="False" />
                <line number="45" hits="20" branch="True" condition-coverage="100% (2/2)">
                  <conditions>
                    <condition number="7" type="jump" coverage="100%" />
                  </conditions>
                </line>
                <line number="47" hits="2" branch="False" />
                <line number="48" hits="2" branch="False" />
                <line number="50" hits="2" branch="False" />
                <line number="51" hits="2" branch="False" />
                <line number="52" hits="2" branch="False" />
                <line number="53" hits="2" branch="False" />
                <line number="54" hits="2" branch="False" />
                <line number="55" hits="2" branch="False" />
                <line number="57" hits="1" branch="False" />
                <line number="58" hits="1" branch="False" />
                <line number="59" hits="1" branch="False" />
                <line number="61" hits="10" branch="False" />
              </lines>
            </method>
            <method name="CheckPostCodeValid" signature="(System.String)" line-rate="0.8" branch-rate="0.5" complexity="2">
              <lines>
                <line number="64" hits="2" branch="False" />
                <line number="65" hits="2" branch="False" />
                <line number="66" hits="2" branch="True" condition-coverage="50% (1/2)">
                  <conditions>
                    <condition number="20" type="jump" coverage="50%" />
                  </conditions>
                </line>
                <line number="67" hits="0" branch="False" />
                <line number="68" hits="2" branch="False" />
              </lines>
            </method>
            <method name=".ctor" signature="(AcademyResidentInformationApi.V1.Gateways.IAcademyGateway)" line-rate="1" branch-rate="1" complexity="1">
              <lines>
                <line number="16" hits="12" branch="False" />
                <line number="17" hits="12" branch="False" />
                <line number="18" hits="12" branch="False" />
                <line number="19" hits="12" branch="False" />
                <line number="20" hits="12" branch="False" />
              </lines>
            </method>
          </methods>
          <lines>
            <line number="23" hits="11" branch="False" />
            <line number="25" hits="11" branch="True" condition-coverage="100% (2/2)">
              <conditions>
                <condition number="17" type="jump" coverage="100%" />
              </conditions>
            </line>
            <line number="26" hits="2" branch="False" />
            <line number="28" hits="11" branch="True" condition-coverage="100% (2/2)">
              <conditions>
                <condition number="35" type="jump" coverage="100%" />
              </conditions>
            </line>
            <line number="29" hits="11" branch="True" condition-coverage="100% (2/2)">
              <conditions>
                <condition number="47" type="jump" coverage="100%" />
              </conditions>
            </line>
            <line number="32" hits="11" branch="False" />
            <line number="34" hits="10" branch="False" />
            <line number="35" hits="10" branch="True" condition-coverage="100% (2/2)">
              <conditions>
                <condition number="113" type="jump" coverage="100%" />
              </conditions>
            </line>
            <line number="36" hits="10" branch="False" />
            <line number="37" hits="10" branch="False" />
            <line number="38" hits="10" branch="False" />
            <line number="39" hits="10" branch="False" />
            <line number="40" hits="10" branch="False" />
            <line number="41" hits="10" branch="False" />
            <line number="44" hits="11" branch="False" />
            <line number="45" hits="20" branch="True" condition-coverage="100% (2/2)">
              <conditions>
                <condition number="7" type="jump" coverage="100%" />
              </conditions>
            </line>
            <line number="47" hits="2" branch="False" />
            <line number="48" hits="2" branch="False" />
            <line number="50" hits="2" branch="False" />
            <line number="51" hits="2" branch="False" />
            <line number="52" hits="2" branch="False" />
            <line number="53" hits="2" branch="False" />
            <line number="54" hits="2" branch="False" />
            <line number="55" hits="2" branch="False" />
            <line number="57" hits="1" branch="False" />
            <line number="58" hits="1" branch="False" />
            <line number="59" hits="1" branch="False" />
            <line number="61" hits="10" branch="False" />
            <line number="64" hits="2" branch="False" />
            <line number="65" hits="2" branch="False" />
            <line number="66" hits="2" branch="True" condition-coverage="50% (1/2)">
              <conditions>
                <condition number="20" type="jump" coverage="50%" />
              </conditions>
            </line>
            <line number="67" hits="0" branch="False" />
            <line number="68" hits="2" branch="False" />
            <line number="16" hits="12" branch="False" />
            <line number="17" hits="12" branch="False" />
            <line number="18" hits="12" branch="False" />
            <line number="19" hits="12" branch="False" />
            <line number="20" hits="12" branch="False" />
          </lines>
        </class>
        <class name="AcademyResidentInformationApi.V1.UseCase.GetClaimantByIdUseCase" filename="V1/UseCase/GetClaimantByIdUseCase.cs" line-rate="1" branch-rate="1" complexity="3">
          <methods>
            <method name="Execute" signature="(System.Int32,System.Int32)" line-rate="1" branch-rate="1" complexity="2">
              <lines>
                <line number="17" hits="3" branch="False" />
                <line number="18" hits="3" branch="False" />
                <line number="19" hits="4" branch="True" condition-coverage="100% (2/2)">
                  <conditions>
                    <condition number="21" type="jump" coverage="100%" />
                  </conditions>
                </line>
                <line number="20" hits="2" branch="False" />
                <line number="21" hits="2" branch="False" />
              </lines>
            </method>
            <method name=".ctor" signature="(AcademyResidentInformationApi.V1.Gateways.IAcademyGateway)" line-rate="1" branch-rate="1" complexity="1">
              <lines>
                <line number="12" hits="7" branch="False" />
                <line number="13" hits="7" branch="False" />
                <line number="14" hits="7" branch="False" />
                <line number="15" hits="7" branch="False" />
              </lines>
            </method>
          </methods>
          <lines>
            <line number="17" hits="3" branch="False" />
            <line number="18" hits="3" branch="False" />
            <line number="19" hits="4" branch="True" condition-coverage="100% (2/2)">
              <conditions>
                <condition number="21" type="jump" coverage="100%" />
              </conditions>
            </line>
            <line number="20" hits="2" branch="False" />
            <line number="21" hits="2" branch="False" />
            <line number="12" hits="7" branch="False" />
            <line number="13" hits="7" branch="False" />
            <line number="14" hits="7" branch="False" />
            <line number="15" hits="7" branch="False" />
          </lines>
        </class>
        <class name="AcademyResidentInformationApi.V1.UseCase.GetTaxPayerByIdUseCase" filename="V1/UseCase/GetTaxPayerByIdUseCase.cs" line-rate="1" branch-rate="1" complexity="3">
          <methods>
            <method name="Execute" signature="(System.Int32)" line-rate="1" branch-rate="1" complexity="2">
              <lines>
                <line number="17" hits="4" branch="False" />
                <line number="18" hits="4" branch="False" />
                <line number="19" hits="6" branch="True" condition-coverage="100% (2/2)">
                  <conditions>
                    <condition number="20" type="jump" coverage="100%" />
                  </conditions>
                </line>
                <line number="20" hits="2" branch="False" />
                <line number="21" hits="2" branch="False" />
              </lines>
            </method>
            <method name=".ctor" signature="(AcademyResidentInformationApi.V1.Gateways.IAcademyGateway)" line-rate="1" branch-rate="1" complexity="1">
              <lines>
                <line number="11" hits="4" branch="False" />
                <line number="12" hits="4" branch="False" />
                <line number="13" hits="4" branch="False" />
                <line number="14" hits="4" branch="False" />
              </lines>
            </method>
          </methods>
          <lines>
            <line number="17" hits="4" branch="False" />
            <line number="18" hits="4" branch="False" />
            <line number="19" hits="6" branch="True" condition-coverage="100% (2/2)">
              <conditions>
                <condition number="20" type="jump" coverage="100%" />
              </conditions>
            </line>
            <line number="20" hits="2" branch="False" />
            <line number="21" hits="2" branch="False" />
            <line number="11" hits="4" branch="False" />
            <line number="12" hits="4" branch="False" />
            <line number="13" hits="4" branch="False" />
            <line number="14" hits="4" branch="False" />
          </lines>
        </class>
        <class name="AcademyResidentInformationApi.V1.UseCase.TestOpsErrorException" filename="V1/UseCase/TestOpsErrorException.cs" line-rate="1" branch-rate="1" complexity="1">
          <methods>
            <method name=".ctor" signature="()" line-rate="1" branch-rate="1" complexity="1">
              <lines>
                <line number="7" hits="6" branch="False" />
              </lines>
            </method>
          </methods>
          <lines>
            <line number="7" hits="6" branch="False" />
          </lines>
        </class>
        <class name="AcademyResidentInformationApi.V1.UseCase.ThrowOpsErrorUsecase" filename="V1/UseCase/ThrowOpsErrorUsecase.cs" line-rate="1" branch-rate="1" complexity="1">
          <methods>
            <method name="Execute" signature="()" line-rate="1" branch-rate="1" complexity="1">
              <lines>
                <line number="7" hits="2" branch="False" />
                <line number="8" hits="2" branch="False" />
              </lines>
            </method>
          </methods>
          <lines>
            <line number="7" hits="2" branch="False" />
            <line number="8" hits="2" branch="False" />
          </lines>
        </class>
        <class name="AcademyResidentInformationApi.V1.UseCase.ValidatePostcode" filename="V1/UseCase/ValidatePostcode.cs" line-rate="1" branch-rate="1" complexity="2">
          <methods>
            <method name="Execute" signature="(System.String)" line-rate="1" branch-rate="1" complexity="2">
              <lines>
                <line number="10" hits="24" branch="False" />
                <line number="13" hits="24" branch="True" condition-coverage="100% (2/2)">
                  <conditions>
                    <condition number="2" type="jump" coverage="100%" />
                  </conditions>
                </line>
                <line number="14" hits="24" branch="False" />
              </lines>
            </method>
          </methods>
          <lines>
            <line number="10" hits="24" branch="False" />
            <line number="13" hits="24" branch="True" condition-coverage="100% (2/2)">
              <conditions>
                <condition number="2" type="jump" coverage="100%" />
              </conditions>
            </line>
            <line number="14" hits="24" branch="False" />
          </lines>
        </class>
        <class name="AcademyResidentInformationApi.V1.Infrastructure.AcademyContext" filename="V1/Infrastructure/AcademyContext.cs" line-rate="1" branch-rate="1" complexity="10">
          <methods>
            <method name="get_Persons" signature="()" line-rate="1" branch-rate="1" complexity="1">
              <lines>
                <line number="11" hits="152" branch="False" />
              </lines>
            </method>
            <method name="get_Addresses" signature="()" line-rate="1" branch-rate="1" complexity="1">
              <lines>
                <line number="12" hits="148" branch="False" />
              </lines>
            </method>
            <method name="get_Claims" signature="()" line-rate="1" branch-rate="1" complexity="1">
              <lines>
                <line number="14" hits="137" branch="False" />
              </lines>
            </method>
            <method name="get_TaxPayers" signature="()" line-rate="1" branch-rate="1" complexity="1">
              <lines>
                <line number="15" hits="61" branch="False" />
              </lines>
            </method>
            <method name="get_CouncilProperties" signature="()" line-rate="1" branch-rate="1" complexity="1">
              <lines>
                <line number="16" hits="59" branch="False" />
              </lines>
            </method>
            <method name="get_Occupations" signature="()" line-rate="1" branch-rate="1" complexity="1">
              <lines>
                <line number="17" hits="59" branch="False" />
              </lines>
            </method>
            <method name="get_Emails" signature="()" line-rate="1" branch-rate="1" complexity="1">
              <lines>
                <line number="19" hits="57" branch="False" />
              </lines>
            </method>
            <method name="get_PhoneNumbers" signature="()" line-rate="1" branch-rate="1" complexity="1">
              <lines>
                <line number="21" hits="57" branch="False" />
              </lines>
            </method>
            <method name="OnModelCreating" signature="(Microsoft.EntityFrameworkCore.ModelBuilder)" line-rate="1" branch-rate="1" complexity="1">
              <lines>
                <line number="24" hits="1" branch="False" />
                <line number="26" hits="1" branch="False" />
                <line number="27" hits="1" branch="False" />
                <line number="28" hits="1" branch="False" />
                <line number="29" hits="1" branch="False" />
                <line number="30" hits="1" branch="False" />
                <line number="31" hits="1" branch="False" />
                <line number="34" hits="1" branch="False" />
                <line number="35" hits="1" branch="False" />
                <line number="36" hits="1" branch="False" />
                <line number="37" hits="1" branch="False" />
                <line number="38" hits="1" branch="False" />
                <line number="39" hits="1" branch="False" />
                <line number="40" hits="1" branch="False" />
                <line number="43" hits="1" branch="False" />
                <line number="44" hits="1" branch="False" />
                <line number="45" hits="1" branch="False" />
                <line number="46" hits="1" branch="False" />
                <line number="47" hits="1" branch="False" />
                <line number="48" hits="1" branch="False" />
                <line number="49" hits="1" branch="False" />
                <line number="50" hits="1" branch="False" />
                <line number="51" hits="1" branch="False" />
              </lines>
            </method>
            <method name=".ctor" signature="(Microsoft.EntityFrameworkCore.DbContextOptions)" line-rate="1" branch-rate="1" complexity="1">
              <lines>
                <line number="8" hits="51" branch="False" />
                <line number="9" hits="51" branch="False" />
                <line number="10" hits="51" branch="False" />
              </lines>
            </method>
          </methods>
          <lines>
            <line number="11" hits="152" branch="False" />
            <line number="12" hits="148" branch="False" />
            <line number="14" hits="137" branch="False" />
            <line number="15" hits="61" branch="False" />
            <line number="16" hits="59" branch="False" />
            <line number="17" hits="59" branch="False" />
            <line number="19" hits="57" branch="False" />
            <line number="21" hits="57" branch="False" />
            <line number="24" hits="1" branch="False" />
            <line number="26" hits="1" branch="False" />
            <line number="27" hits="1" branch="False" />
            <line number="28" hits="1" branch="False" />
            <line number="29" hits="1" branch="False" />
            <line number="30" hits="1" branch="False" />
            <line number="31" hits="1" branch="False" />
            <line number="34" hits="1" branch="False" />
            <line number="35" hits="1" branch="False" />
            <line number="36" hits="1" branch="False" />
            <line number="37" hits="1" branch="False" />
            <line number="38" hits="1" branch="False" />
            <line number="39" hits="1" branch="False" />
            <line number="40" hits="1" branch="False" />
            <line number="43" hits="1" branch="False" />
            <line number="44" hits="1" branch="False" />
            <line number="45" hits="1" branch="False" />
            <line number="46" hits="1" branch="False" />
            <line number="47" hits="1" branch="False" />
            <line number="48" hits="1" branch="False" />
            <line number="49" hits="1" branch="False" />
            <line number="50" hits="1" branch="False" />
            <line number="51" hits="1" branch="False" />
            <line number="8" hits="51" branch="False" />
            <line number="9" hits="51" branch="False" />
            <line number="10" hits="51" branch="False" />
          </lines>
        </class>
        <class name="AcademyResidentInformationApi.V1.Infrastructure.Address" filename="V1/Infrastructure/Address.cs" line-rate="0.5" branch-rate="1" complexity="10">
          <methods>
            <method name="get_Person" signature="()" line-rate="0" branch-rate="1" complexity="1">
              <lines>
                <line number="9" hits="0" branch="False" />
              </lines>
            </method>
            <method name="get_ClaimId" signature="()" line-rate="0" branch-rate="1" complexity="1">
              <lines>
                <line number="12" hits="0" branch="False" />
              </lines>
            </method>
            <method name="get_Claim" signature="()" line-rate="0" branch-rate="1" complexity="1">
              <lines>
                <line number="15" hits="0" branch="False" />
              </lines>
            </method>
            <method name="get_HouseId" signature="()" line-rate="0" branch-rate="1" complexity="1">
              <lines>
                <line number="18" hits="0" branch="False" />
              </lines>
            </method>
            <method name="get_AddressLine1" signature="()" line-rate="1" branch-rate="1" complexity="1">
              <lines>
                <line number="22" hits="281" branch="False" />
              </lines>
            </method>
            <method name="get_AddressLine2" signature="()" line-rate="1" branch-rate="1" complexity="1">
              <lines>
                <line number="26" hits="159" branch="False" />
              </lines>
            </method>
            <method name="get_AddressLine3" signature="()" line-rate="1" branch-rate="1" complexity="1">
              <lines>
                <line number="30" hits="159" branch="False" />
              </lines>
            </method>
            <method name="get_AddressLine4" signature="()" line-rate="1" branch-rate="1" complexity="1">
              <lines>
                <line number="34" hits="159" branch="False" />
              </lines>
            </method>
            <method name="get_PostCode" signature="()" line-rate="1" branch-rate="1" complexity="1">
              <lines>
                <line number="38" hits="281" branch="False" />
              </lines>
            </method>
            <method name="get_ToDate" signature="()" line-rate="0" branch-rate="1" complexity="1">
              <lines>
                <line number="42" hits="0" branch="False" />
              </lines>
            </method>
          </methods>
          <lines>
            <line number="9" hits="0" branch="False" />
            <line number="12" hits="0" branch="False" />
            <line number="15" hits="0" branch="False" />
            <line number="18" hits="0" branch="False" />
            <line number="22" hits="281" branch="False" />
            <line number="26" hits="159" branch="False" />
            <line number="30" hits="159" branch="False" />
            <line number="34" hits="159" branch="False" />
            <line number="38" hits="281" branch="False" />
            <line number="42" hits="0" branch="False" />
          </lines>
        </class>
        <class name="AcademyResidentInformationApi.V1.Infrastructure.Claim" filename="V1/Infrastructure/Claim.cs" line-rate="0.3333" branch-rate="1" complexity="3">
          <methods>
            <method name="get_ClaimId" signature="()" line-rate="0" branch-rate="1" complexity="1">
              <lines>
                <line number="11" hits="0" branch="False" />
              </lines>
            </method>
            <method name="get_CheckDigit" signature="()" line-rate="1" branch-rate="1" complexity="1">
              <lines>
                <line number="15" hits="91" branch="False" />
              </lines>
            </method>
            <method name="get_StatusIndicator" signature="()" line-rate="0" branch-rate="1" complexity="1">
              <lines>
                <line number="18" hits="0" branch="False" />
              </lines>
            </method>
          </methods>
          <lines>
            <line number="11" hits="0" branch="False" />
            <line number="15" hits="91" branch="False" />
            <line number="18" hits="0" branch="False" />
          </lines>
        </class>
        <class name="AcademyResidentInformationApi.V1.Infrastructure.CouncilProperty" filename="V1/Infrastructure/CouncilProperty.cs" line-rate="0.8571" branch-rate="1" complexity="7">
          <methods>
            <method name="get_PropertyRef" signature="()" line-rate="0" branch-rate="1" complexity="1">
              <lines>
                <line number="12" hits="0" branch="False" />
              </lines>
            </method>
            <method name="get_AddressLine1" signature="()" line-rate="1" branch-rate="1" complexity="1">
              <lines>
                <line number="16" hits="10" branch="False" />
              </lines>
            </method>
            <method name="get_AddressLine2" signature="()" line-rate="1" branch-rate="1" complexity="1">
              <lines>
                <line number="20" hits="10" branch="False" />
              </lines>
            </method>
            <method name="get_AddressLine3" signature="()" line-rate="1" branch-rate="1" complexity="1">
              <lines>
                <line number="24" hits="10" branch="False" />
              </lines>
            </method>
            <method name="get_AddressLine4" signature="()" line-rate="1" branch-rate="1" complexity="1">
              <lines>
                <line number="28" hits="10" branch="False" />
              </lines>
            </method>
            <method name="get_PostCode" signature="()" line-rate="1" branch-rate="1" complexity="1">
              <lines>
                <line number="32" hits="10" branch="False" />
              </lines>
            </method>
            <method name="get_Uprn" signature="()" line-rate="1" branch-rate="1" complexity="1">
              <lines>
                <line number="36" hits="10" branch="False" />
              </lines>
            </method>
          </methods>
          <lines>
            <line number="12" hits="0" branch="False" />
            <line number="16" hits="10" branch="False" />
            <line number="20" hits="10" branch="False" />
            <line number="24" hits="10" branch="False" />
            <line number="28" hits="10" branch="False" />
            <line number="32" hits="10" branch="False" />
            <line number="36" hits="10" branch="False" />
          </lines>
        </class>
        <class name="AcademyResidentInformationApi.V1.Infrastructure.DatabaseEntity" filename="V1/Infrastructure/DatabaseEntity.cs" line-rate="0" branch-rate="1" complexity="2">
          <methods>
            <method name="get_Id" signature="()" line-rate="0" branch-rate="1" complexity="1">
              <lines>
                <line number="9" hits="0" branch="False" />
              </lines>
            </method>
            <method name="get_CreatedAt" signature="()" line-rate="0" branch-rate="1" complexity="1">
              <lines>
                <line number="11" hits="0" branch="False" />
              </lines>
            </method>
          </methods>
          <lines>
            <line number="9" hits="0" branch="False" />
            <line number="11" hits="0" branch="False" />
          </lines>
        </class>
        <class name="AcademyResidentInformationApi.V1.Infrastructure.Email" filename="V1/Infrastructure/Email.cs" line-rate="0.5" branch-rate="1" complexity="2">
          <methods>
            <method name="get_ReferenceId" signature="()" line-rate="0" branch-rate="1" complexity="1">
              <lines>
                <line number="11" hits="0" branch="False" />
              </lines>
            </method>
            <method name="get_EmailAddress" signature="()" line-rate="1" branch-rate="1" complexity="1">
              <lines>
                <line number="15" hits="6" branch="False" />
              </lines>
            </method>
          </methods>
          <lines>
            <line number="11" hits="0" branch="False" />
            <line number="15" hits="6" branch="False" />
          </lines>
        </class>
        <class name="AcademyResidentInformationApi.V1.Infrastructure.Occupation" filename="V1/Infrastructure/Occupation.cs" line-rate="0.5" branch-rate="1" complexity="2">
          <methods>
            <method name="get_AccountRef" signature="()" line-rate="0" branch-rate="1" complexity="1">
              <lines>
                <line number="11" hits="0" branch="False" />
              </lines>
            </method>
            <method name="get_PropertyRef" signature="()" line-rate="1" branch-rate="1" complexity="1">
              <lines>
                <line number="15" hits="12" branch="False" />
              </lines>
            </method>
          </methods>
          <lines>
            <line number="11" hits="0" branch="False" />
            <line number="15" hits="12" branch="False" />
          </lines>
        </class>
        <class name="AcademyResidentInformationApi.V1.Infrastructure.Person" filename="V1/Infrastructure/Person.cs" line-rate="0.9166" branch-rate="1" complexity="12">
          <methods>
            <method name="get_ClaimId" signature="()" line-rate="1" branch-rate="1" complexity="1">
              <lines>
                <line number="11" hits="519" branch="False" />
              </lines>
            </method>
            <method name="get_Claim" signature="()" line-rate="1" branch-rate="1" complexity="1">
              <lines>
                <line number="14" hits="136" branch="False" />
              </lines>
            </method>
            <method name="get_HouseId" signature="()" line-rate="1" branch-rate="1" complexity="1">
              <lines>
                <line number="17" hits="363" branch="False" />
              </lines>
            </method>
            <method name="get_MemberId" signature="()" line-rate="1" branch-rate="1" complexity="1">
              <lines>
                <line number="20" hits="295" branch="False" />
              </lines>
            </method>
            <method name="get_PersonRef" signature="()" line-rate="1" branch-rate="1" complexity="1">
              <lines>
                <line number="23" hits="364" branch="False" />
              </lines>
            </method>
            <method name="get_FirstName" signature="()" line-rate="1" branch-rate="1" complexity="1">
              <lines>
                <line number="27" hits="345" branch="False" />
              </lines>
            </method>
            <method name="get_LastName" signature="()" line-rate="1" branch-rate="1" complexity="1">
              <lines>
                <line number="31" hits="348" branch="False" />
              </lines>
            </method>
            <method name="get_Title" signature="()" line-rate="1" branch-rate="1" complexity="1">
              <lines>
                <line number="35" hits="177" branch="False" />
              </lines>
            </method>
            <method name="get_FullName" signature="()" line-rate="0" branch-rate="1" complexity="1">
              <lines>
                <line number="39" hits="0" branch="False" />
              </lines>
            </method>
            <method name="get_DateOfBirth" signature="()" line-rate="1" branch-rate="1" complexity="1">
              <lines>
                <line number="43" hits="251" branch="False" />
              </lines>
            </method>
            <method name="get_NINumber" signature="()" line-rate="1" branch-rate="1" complexity="1">
              <lines>
                <line number="47" hits="178" branch="False" />
              </lines>
            </method>
            <method name="get_Address" signature="()" line-rate="1" branch-rate="1" complexity="1">
              <lines>
                <line number="49" hits="86" branch="False" />
              </lines>
            </method>
          </methods>
          <lines>
            <line number="11" hits="519" branch="False" />
            <line number="14" hits="136" branch="False" />
            <line number="17" hits="363" branch="False" />
            <line number="20" hits="295" branch="False" />
            <line number="23" hits="364" branch="False" />
            <line number="27" hits="345" branch="False" />
            <line number="31" hits="348" branch="False" />
            <line number="35" hits="177" branch="False" />
            <line number="39" hits="0" branch="False" />
            <line number="43" hits="251" branch="False" />
            <line number="47" hits="178" branch="False" />
            <line number="49" hits="86" branch="False" />
          </lines>
        </class>
        <class name="AcademyResidentInformationApi.V1.Infrastructure.PhoneNumber" filename="V1/Infrastructure/PhoneNumber.cs" line-rate="0.8" branch-rate="1" complexity="5">
          <methods>
            <method name="get_Reference" signature="()" line-rate="0" branch-rate="1" complexity="1">
              <lines>
                <line number="12" hits="0" branch="False" />
              </lines>
            </method>
            <method name="get_Number1" signature="()" line-rate="1" branch-rate="1" complexity="1">
              <lines>
                <line number="16" hits="6" branch="False" />
              </lines>
            </method>
            <method name="get_Number2" signature="()" line-rate="1" branch-rate="1" complexity="1">
              <lines>
                <line number="20" hits="6" branch="False" />
              </lines>
            </method>
            <method name="get_Number3" signature="()" line-rate="1" branch-rate="1" complexity="1">
              <lines>
                <line number="24" hits="6" branch="False" />
              </lines>
            </method>
            <method name="get_Number4" signature="()" line-rate="1" branch-rate="1" complexity="1">
              <lines>
                <line number="28" hits="6" branch="False" />
              </lines>
            </method>
          </methods>
          <lines>
            <line number="12" hits="0" branch="False" />
            <line number="16" hits="6" branch="False" />
            <line number="20" hits="6" branch="False" />
            <line number="24" hits="6" branch="False" />
            <line number="28" hits="6" branch="False" />
          </lines>
        </class>
        <class name="AcademyResidentInformationApi.V1.Infrastructure.TaxPayer" filename="V1/Infrastructure/TaxPayer.cs" line-rate="1" branch-rate="1" complexity="3">
          <methods>
            <method name="get_AccountRef" signature="()" line-rate="1" branch-rate="1" complexity="1">
              <lines>
                <line number="11" hits="28" branch="False" />
              </lines>
            </method>
            <method name="get_FirstName" signature="()" line-rate="1" branch-rate="1" complexity="1">
              <lines>
                <line number="15" hits="20" branch="False" />
              </lines>
            </method>
            <method name="get_LastName" signature="()" line-rate="1" branch-rate="1" complexity="1">
              <lines>
                <line number="19" hits="20" branch="False" />
              </lines>
            </method>
          </methods>
          <lines>
            <line number="11" hits="28" branch="False" />
            <line number="15" hits="20" branch="False" />
            <line number="19" hits="20" branch="False" />
          </lines>
        </class>
        <class name="AcademyResidentInformationApi.V1.Gateways.AcademyGateway" filename="V1/Gateways/AcademyGateway.cs" line-rate="1" branch-rate="0.8887999999999999" complexity="21">
          <methods>
            <method name="GetAllClaimants" signature="(AcademyResidentInformationApi.V1.Domain.Cursor,System.Int32,System.String,System.String,System.String,System.String)" line-rate="1" branch-rate="1" complexity="1">
              <lines>
                <line number="23" hits="24" branch="False" />
                <line number="24" hits="24" branch="False" />
                <line number="25" hits="24" branch="False" />
                <line number="26" hits="24" branch="False" />
                <line number="27" hits="24" branch="False" />
                <line number="28" hits="24" branch="False" />
                <line number="29" hits="24" branch="False" />
                <line number="30" hits="24" branch="False" />
                <line number="31" hits="24" branch="False" />
                <line number="32" hits="24" branch="False" />
                <line number="33" hits="24" branch="False" />
                <line number="34" hits="24" branch="False" />
                <line number="35" hits="24" branch="False" />
                <line number="36" hits="24" branch="False" />
                <line number="37" hits="24" branch="False" />
                <line number="38" hits="24" branch="False" />
                <line number="39" hits="24" branch="False" />
                <line number="40" hits="24" branch="False" />
                <line number="41" hits="24" branch="False" />
                <line number="42" hits="24" branch="False" />
                <line number="43" hits="24" branch="False" />
                <line number="44" hits="24" branch="False" />
                <line number="45" hits="24" branch="False" />
                <line number="46" hits="24" branch="False" />
                <line number="47" hits="24" branch="False" />
                <line number="48" hits="24" branch="False" />
                <line number="49" hits="24" branch="False" />
                <line number="50" hits="24" branch="False" />
                <line number="51" hits="24" branch="False" />
                <line number="52" hits="24" branch="False" />
                <line number="53" hits="24" branch="False" />
                <line number="54" hits="24" branch="False" />
                <line number="55" hits="24" branch="False" />
              </lines>
            </method>
            <method name="GetClaimantById" signature="(System.Int32,System.Int32)" line-rate="1" branch-rate="1" complexity="2">
              <lines>
                <line number="58" hits="6" branch="False" />
                <line number="59" hits="6" branch="False" />
                <line number="60" hits="6" branch="False" />
                <line number="61" hits="6" branch="False" />
                <line number="62" hits="6" branch="False" />
                <line number="63" hits="6" branch="False" />
                <line number="64" hits="6" branch="False" />
                <line number="66" hits="6" branch="True" condition-coverage="100% (2/2)">
                  <conditions>
                    <condition number="950" type="jump" coverage="100%" />
                  </conditions>
                </line>
                <line number="67" hits="6" branch="False" />
                <line number="68" hits="6" branch="False" />
                <line number="69" hits="6" branch="False" />
              </lines>
            </method>
            <method name="GetTaxPayerById" signature="(System.Int32)" line-rate="1" branch-rate="1" complexity="2">
              <lines>
                <line number="72" hits="6" branch="False" />
                <line number="73" hits="6" branch="False" />
                <line number="75" hits="8" branch="True" condition-coverage="100% (2/2)">
                  <conditions>
                    <condition number="145" type="jump" coverage="100%" />
                  </conditions>
                </line>
                <line number="77" hits="4" branch="False" />
                <line number="79" hits="4" branch="False" />
                <line number="81" hits="4" branch="False" />
                <line number="82" hits="4" branch="False" />
                <line number="83" hits="4" branch="False" />
                <line number="84" hits="4" branch="False" />
                <line number="85" hits="4" branch="False" />
                <line number="86" hits="4" branch="False" />
                <line number="89" hits="4" branch="False" />
                <line number="90" hits="6" branch="False" />
              </lines>
            </method>
            <method name="MapPersonAndAddressesToClaimantInformation" signature="(AcademyResidentInformationApi.V1.Infrastructure.Person,AcademyResidentInformationApi.V1.Infrastructure.Address)" line-rate="1" branch-rate="1" complexity="1">
              <lines>
                <line number="93" hits="5" branch="False" />
                <line number="94" hits="5" branch="False" />
                <line number="95" hits="5" branch="False" />
                <line number="96" hits="5" branch="False" />
                <line number="97" hits="5" branch="False" />
              </lines>
            </method>
            <method name="MapDetailsToTaxPayerInformation" signature="(AcademyResidentInformationApi.V1.Infrastructure.TaxPayer,AcademyResidentInformationApi.V1.Infrastructure.CouncilProperty,System.Collections.Generic.List`1&lt;System.String&gt;,AcademyResidentInformationApi.V1.Infrastructure.PhoneNumber)" line-rate="1" branch-rate="0.8332999999999999" complexity="12">
              <lines>
                <line number="100" hits="4" branch="False" />
                <line number="101" hits="4" branch="False" />
                <line number="102" hits="4" branch="True" condition-coverage="50% (1/2)">
                  <conditions>
                    <condition number="10" type="jump" coverage="50%" />
                  </conditions>
                </line>
                <line number="103" hits="4" branch="True" condition-coverage="50% (1/2)">
                  <conditions>
                    <condition number="29" type="jump" coverage="50%" />
                  </conditions>
                </line>
                <line number="104" hits="4" branch="False" />
                <line number="105" hits="4" branch="True" condition-coverage="100% (8/8)">
                  <conditions>
                    <condition number="62" type="jump" coverage="100%" />
                    <condition number="81" type="jump" coverage="100%" />
                    <condition number="100" type="jump" coverage="100%" />
                    <condition number="119" type="jump" coverage="100%" />
                  </conditions>
                </line>
                <line number="107" hits="20" branch="False" />
                <line number="109" hits="4" branch="False" />
                <line number="110" hits="4" branch="False" />
              </lines>
            </method>
            <method name="GetSearchPattern" signature="(System.String)" line-rate="1" branch-rate="1" complexity="2">
              <lines>
                <line number="113" hits="96" branch="False" />
                <line number="114" hits="96" branch="True" condition-coverage="100% (2/2)">
                  <conditions>
                    <condition number="7" type="jump" coverage="100%" />
                  </conditions>
                </line>
                <line number="115" hits="96" branch="False" />
              </lines>
            </method>
            <method name=".ctor" signature="(AcademyResidentInformationApi.V1.Infrastructure.AcademyContext)" line-rate="1" branch-rate="1" complexity="1">
              <lines>
                <line number="16" hits="39" branch="False" />
                <line number="17" hits="39" branch="False" />
                <line number="18" hits="39" branch="False" />
                <line number="19" hits="39" branch="False" />
              </lines>
            </method>
          </methods>
          <lines>
            <line number="23" hits="24" branch="False" />
            <line number="24" hits="24" branch="False" />
            <line number="25" hits="24" branch="False" />
            <line number="26" hits="24" branch="False" />
            <line number="27" hits="24" branch="False" />
            <line number="28" hits="24" branch="False" />
            <line number="29" hits="24" branch="False" />
            <line number="30" hits="24" branch="False" />
            <line number="31" hits="24" branch="False" />
            <line number="32" hits="24" branch="False" />
            <line number="33" hits="24" branch="False" />
            <line number="34" hits="24" branch="False" />
            <line number="35" hits="24" branch="False" />
            <line number="36" hits="24" branch="False" />
            <line number="37" hits="24" branch="False" />
            <line number="38" hits="24" branch="False" />
            <line number="39" hits="24" branch="False" />
            <line number="40" hits="24" branch="False" />
            <line number="41" hits="24" branch="False" />
            <line number="42" hits="24" branch="False" />
            <line number="43" hits="24" branch="False" />
            <line number="44" hits="24" branch="False" />
            <line number="45" hits="24" branch="False" />
            <line number="46" hits="24" branch="False" />
            <line number="47" hits="24" branch="False" />
            <line number="48" hits="24" branch="False" />
            <line number="49" hits="24" branch="False" />
            <line number="50" hits="24" branch="False" />
            <line number="51" hits="24" branch="False" />
            <line number="52" hits="24" branch="False" />
            <line number="53" hits="24" branch="False" />
            <line number="54" hits="24" branch="False" />
            <line number="55" hits="24" branch="False" />
            <line number="58" hits="6" branch="False" />
            <line number="59" hits="6" branch="False" />
            <line number="60" hits="6" branch="False" />
            <line number="61" hits="6" branch="False" />
            <line number="62" hits="6" branch="False" />
            <line number="63" hits="6" branch="False" />
            <line number="64" hits="6" branch="False" />
            <line number="66" hits="6" branch="True" condition-coverage="100% (2/2)">
              <conditions>
                <condition number="950" type="jump" coverage="100%" />
              </conditions>
            </line>
            <line number="67" hits="6" branch="False" />
            <line number="68" hits="6" branch="False" />
            <line number="69" hits="6" branch="False" />
            <line number="72" hits="6" branch="False" />
            <line number="73" hits="6" branch="False" />
            <line number="75" hits="8" branch="True" condition-coverage="100% (2/2)">
              <conditions>
                <condition number="145" type="jump" coverage="100%" />
              </conditions>
            </line>
            <line number="77" hits="4" branch="False" />
            <line number="79" hits="4" branch="False" />
            <line number="81" hits="4" branch="False" />
            <line number="82" hits="4" branch="False" />
            <line number="83" hits="4" branch="False" />
            <line number="84" hits="4" branch="False" />
            <line number="85" hits="4" branch="False" />
            <line number="86" hits="4" branch="False" />
            <line number="89" hits="4" branch="False" />
            <line number="90" hits="6" branch="False" />
            <line number="93" hits="5" branch="False" />
            <line number="94" hits="5" branch="False" />
            <line number="95" hits="5" branch="False" />
            <line number="96" hits="5" branch="False" />
            <line number="97" hits="5" branch="False" />
            <line number="100" hits="4" branch="False" />
            <line number="101" hits="4" branch="False" />
            <line number="102" hits="4" branch="True" condition-coverage="50% (1/2)">
              <conditions>
                <condition number="10" type="jump" coverage="50%" />
              </conditions>
            </line>
[...]
            <line number="18" hits="20" branch="False" />
            <line number="19" hits="20" branch="False" />
            <line number="20" hits="20" branch="False" />
            <line number="21" hits="14" branch="False" />
            <line number="22" hits="20" branch="False" />
            <line number="23" hits="20" branch="False" />
            <line number="24" hits="14" branch="False" />
            <line number="25" hits="20" branch="False" />
            <line number="26" hits="20" branch="False" />
            <line number="27" hits="14" branch="False" />
            <line number="9" hits="14" branch="False" />
            <line number="10" hits="14" branch="False" />
            <line number="11" hits="14" branch="False" />
            <line number="12" hits="14" branch="False" />
          </lines>
        </class>
        <class name="AcademyResidentInformationApi.V1.Controllers.ClaimantsController" filename="V1/Controllers/ClaimantsController.cs" line-rate="0.7391" branch-rate="1" complexity="3">
          <methods>
            <method name="ListContacts" signature="(AcademyResidentInformationApi.V1.Boundary.Requests.ClaimantQueryParam,System.String,System.Nullable`1&lt;System.Int32&gt;)" line-rate="0.7" branch-rate="1" complexity="1">
              <lines>
                <line number="25" hits="6" branch="False" />
                <line number="27" hits="6" branch="False" />
                <line number="28" hits="6" branch="False" />
                <line number="30" hits="0" branch="False" />
                <line number="31" hits="0" branch="False" />
                <line number="33" hits="0" branch="False" />
                <line number="35" hits="1" branch="False" />
                <line number="36" hits="1" branch="False" />
                <line number="37" hits="1" branch="False" />
                <line number="40" hits="6" branch="False" />
              </lines>
            </method>
            <method name="ViewRecord" signature="(System.Int32,System.Int32)" line-rate="0.625" branch-rate="1" complexity="1">
              <lines>
                <line number="45" hits="2" branch="False" />
                <line number="47" hits="2" branch="False" />
                <line number="48" hits="2" branch="False" />
                <line number="49" hits="2" branch="False" />
                <line number="51" hits="0" branch="False" />
                <line number="52" hits="0" branch="False" />
                <line number="54" hits="0" branch="False" />
                <line number="57" hits="2" branch="False" />
              </lines>
            </method>
            <method name=".ctor" signature="(AcademyResidentInformationApi.V1.UseCase.Interfaces.IGetAllClaimantsUseCase,AcademyResidentInformationApi.V1.UseCase.Interfaces.IGetClaimantByIdUseCase)" line-rate="1" branch-rate="1" complexity="1">
              <lines>
                <line number="17" hits="8" branch="False" />
                <line number="18" hits="8" branch="False" />
                <line number="19" hits="8" branch="False" />
                <line number="20" hits="8" branch="False" />
                <line number="21" hits="8" branch="False" />
              </lines>
            </method>
          </methods>
          <lines>
            <line number="25" hits="6" branch="False" />
            <line number="27" hits="6" branch="False" />
            <line number="28" hits="6" branch="False" />
            <line number="30" hits="0" branch="False" />
            <line number="31" hits="0" branch="False" />
            <line number="33" hits="0" branch="False" />
            <line number="35" hits="1" branch="False" />
            <line number="36" hits="1" branch="False" />
            <line number="37" hits="1" branch="False" />
            <line number="40" hits="6" branch="False" />
            <line number="45" hits="2" branch="False" />
            <line number="47" hits="2" branch="False" />
            <line number="48" hits="2" branch="False" />
            <line number="49" hits="2" branch="False" />
            <line number="51" hits="0" branch="False" />
            <line number="52" hits="0" branch="False" />
            <line number="54" hits="0" branch="False" />
            <line number="57" hits="2" branch="False" />
            <line number="17" hits="8" branch="False" />
            <line number="18" hits="8" branch="False" />
            <line number="19" hits="8" branch="False" />
            <line number="20" hits="8" branch="False" />
            <line number="21" hits="8" branch="False" />
          </lines>
        </class>
        <class name="AcademyResidentInformationApi.V1.Controllers.HealthCheckController" filename="V1/Controllers/HealthCheckController.cs" line-rate="0.8571" branch-rate="1" complexity="2">
          <methods>
            <method name="HealthCheck" signature="()" line-rate="1" branch-rate="1" complexity="1">
              <lines>
                <line number="16" hits="1" branch="False" />
                <line number="17" hits="1" branch="False" />
                <line number="19" hits="1" branch="False" />
                <line number="20" hits="1" branch="False" />
              </lines>
            </method>
            <method name="ThrowError" signature="()" line-rate="0.6666" branch-rate="1" complexity="1">
              <lines>
                <line number="25" hits="1" branch="False" />
                <line number="26" hits="1" branch="False" />
                <line number="27" hits="0" branch="False" />
              </lines>
            </method>
          </methods>
          <lines>
            <line number="16" hits="1" branch="False" />
            <line number="17" hits="1" branch="False" />
            <line number="19" hits="1" branch="False" />
            <line number="20" hits="1" branch="False" />
            <line number="25" hits="1" branch="False" />
            <line number="26" hits="1" branch="False" />
            <line number="27" hits="0" branch="False" />
          </lines>
        </class>
        <class name="AcademyResidentInformationApi.V1.Controllers.TaxPayersController" filename="V1/Controllers/TaxPayersController.cs" line-rate="0.8" branch-rate="1" complexity="3">
          <methods>
            <method name="ListTaxPayers" signature="()" line-rate="0" branch-rate="1" complexity="1">
              <lines>
                <line number="24" hits="0" branch="False" />
                <line number="25" hits="0" branch="False" />
                <line number="26" hits="0" branch="False" />
              </lines>
            </method>
            <method name="ViewRecord" signature="(System.Int32)" line-rate="1" branch-rate="1" complexity="1">
              <lines>
                <line number="31" hits="4" branch="False" />
                <line number="33" hits="4" branch="False" />
                <line number="34" hits="4" branch="False" />
                <line number="35" hits="2" branch="False" />
                <line number="37" hits="2" branch="False" />
                <line number="38" hits="2" branch="False" />
                <line number="39" hits="2" branch="False" />
                <line number="41" hits="4" branch="False" />
              </lines>
            </method>
            <method name=".ctor" signature="(AcademyResidentInformationApi.V1.UseCase.IGetTaxPayerByIdUseCase)" line-rate="1" branch-rate="1" complexity="1">
              <lines>
                <line number="17" hits="4" branch="False" />
                <line number="18" hits="4" branch="False" />
                <line number="19" hits="4" branch="False" />
                <line number="20" hits="4" branch="False" />
              </lines>
            </method>
          </methods>
          <lines>
            <line number="24" hits="0" branch="False" />
            <line number="25" hits="0" branch="False" />
            <line number="26" hits="0" branch="False" />
            <line number="31" hits="4" branch="False" />
            <line number="33" hits="4" branch="False" />
            <line number="34" hits="4" branch="False" />
            <line number="35" hits="2" branch="False" />
            <line number="37" hits="2" branch="False" />
            <line number="38" hits="2" branch="False" />
            <line number="39" hits="2" branch="False" />
            <line number="41" hits="4" branch="False" />
            <line number="17" hits="4" branch="False" />
            <line number="18" hits="4" branch="False" />
            <line number="19" hits="4" branch="False" />
            <line number="20" hits="4" branch="False" />
          </lines>
        </class>
        <class name="AcademyResidentInformationApi.V1.Boundary.HealthCheckResponse" filename="V1/Boundary/HealthCheckResponse.cs" line-rate="1" branch-rate="1" complexity="3">
          <methods>
            <method name="get_Success" signature="()" line-rate="1" branch-rate="1" complexity="1">
              <lines>
                <line number="13" hits="1" branch="False" />
              </lines>
            </method>
            <method name="get_Message" signature="()" line-rate="1" branch-rate="1" complexity="1">
              <lines>
                <line number="14" hits="1" branch="False" />
              </lines>
            </method>
            <method name=".ctor" signature="(System.Boolean,System.String)" line-rate="1" branch-rate="1" complexity="1">
              <lines>
                <line number="7" hits="1" branch="False" />
                <line number="8" hits="1" branch="False" />
                <line number="9" hits="1" branch="False" />
                <line number="10" hits="1" branch="False" />
                <line number="11" hits="1" branch="False" />
              </lines>
            </method>
          </methods>
          <lines>
            <line number="13" hits="1" branch="False" />
            <line number="14" hits="1" branch="False" />
            <line number="7" hits="1" branch="False" />
            <line number="8" hits="1" branch="False" />
            <line number="9" hits="1" branch="False" />
            <line number="10" hits="1" branch="False" />
            <line number="11" hits="1" branch="False" />
          </lines>
        </class>
        <class name="AcademyResidentInformationApi.V1.Boundary.Responses.Address" filename="V1/Boundary/Responses/Address.cs" line-rate="1" branch-rate="1" complexity="5">
          <methods>
            <method name="get_AddressLine1" signature="()" line-rate="1" branch-rate="1" complexity="1">
              <lines>
                <line number="5" hits="234" branch="False" />
              </lines>
            </method>
            <method name="get_AddressLine2" signature="()" line-rate="1" branch-rate="1" complexity="1">
              <lines>
                <line number="6" hits="234" branch="False" />
              </lines>
            </method>
            <method name="get_AddressLine3" signature="()" line-rate="1" branch-rate="1" complexity="1">
              <lines>
                <line number="7" hits="234" branch="False" />
              </lines>
            </method>
            <method name="get_AddressLine4" signature="()" line-rate="1" branch-rate="1" complexity="1">
              <lines>
                <line number="8" hits="234" branch="False" />
              </lines>
            </method>
            <method name="get_Postcode" signature="()" line-rate="1" branch-rate="1" complexity="1">
              <lines>
                <line number="9" hits="234" branch="False" />
              </lines>
            </method>
          </methods>
          <lines>
            <line number="5" hits="234" branch="False" />
            <line number="6" hits="234" branch="False" />
            <line number="7" hits="234" branch="False" />
            <line number="8" hits="234" branch="False" />
            <line number="9" hits="234" branch="False" />
          </lines>
        </class>
        <class name="AcademyResidentInformationApi.V1.Boundary.Responses.ClaimantInformation" filename="V1/Boundary/Responses/ClaimantInformation.cs" line-rate="1" branch-rate="1" complexity="10">
          <methods>
            <method name="get_ClaimId" signature="()" line-rate="1" branch-rate="1" complexity="1">
              <lines>
                <line number="7" hits="223" branch="False" />
              </lines>
            </method>
            <method name="get_CheckDigit" signature="()" line-rate="1" branch-rate="1" complexity="1">
              <lines>
                <line number="8" hits="223" branch="False" />
              </lines>
            </method>
            <method name="get_PersonRef" signature="()" line-rate="1" branch-rate="1" complexity="1">
              <lines>
                <line number="9" hits="223" branch="False" />
              </lines>
            </method>
            <method name="get_Title" signature="()" line-rate="1" branch-rate="1" complexity="1">
              <lines>
                <line number="10" hits="223" branch="False" />
              </lines>
            </method>
            <method name="get_StatusIndicator" signature="()" line-rate="1" branch-rate="1" complexity="1">
              <lines>
                <line number="11" hits="223" branch="False" />
              </lines>
            </method>
            <method name="get_FirstName" signature="()" line-rate="1" branch-rate="1" complexity="1">
              <lines>
                <line number="12" hits="225" branch="False" />
              </lines>
            </method>
            <method name="get_LastName" signature="()" line-rate="1" branch-rate="1" complexity="1">
              <lines>
                <line number="13" hits="225" branch="False" />
              </lines>
            </method>
            <method name="get_DateOfBirth" signature="()" line-rate="1" branch-rate="1" complexity="1">
              <lines>
                <line number="14" hits="225" branch="False" />
              </lines>
            </method>
            <method name="get_NINumber" signature="()" line-rate="1" branch-rate="1" complexity="1">
              <lines>
                <line number="16" hits="223" branch="False" />
              </lines>
            </method>
            <method name="get_ClaimantAddress" signature="()" line-rate="1" branch-rate="1" complexity="1">
              <lines>
                <line number="17" hits="231" branch="False" />
              </lines>
            </method>
          </methods>
          <lines>
            <line number="7" hits="223" branch="False" />
            <line number="8" hits="223" branch="False" />
            <line number="9" hits="223" branch="False" />
            <line number="10" hits="223" branch="False" />
            <line number="11" hits="223" branch="False" />
            <line number="12" hits="225" branch="False" />
            <line number="13" hits="225" branch="False" />
            <line number="14" hits="225" branch="False" />
            <line number="16" hits="223" branch="False" />
            <line number="17" hits="231" branch="False" />
          </lines>
        </class>
        <class name="AcademyResidentInformationApi.V1.Boundary.Responses.ClaimantInformationList" filename="V1/Boundary/Responses/ClaimantInformationList.cs" line-rate="1" branch-rate="1" complexity="2">
          <methods>
            <method name="get_Claimants" signature="()" line-rate="1" branch-rate="1" complexity="1">
              <lines>
                <line number="7" hits="33" branch="False" />
              </lines>
            </method>
            <method name="get_NextCursor" signature="()" line-rate="1" branch-rate="1" complexity="1">
              <lines>
                <line number="9" hits="19" branch="False" />
              </lines>
            </method>
          </methods>
          <lines>
            <line number="7" hits="33" branch="False" />
            <line number="9" hits="19" branch="False" />
          </lines>
        </class>
        <class name="AcademyResidentInformationApi.V1.Boundary.Responses.TaxPayerInformationResponse" filename="V1/Boundary/Responses/TaxPayerInformation.cs" line-rate="1" branch-rate="1" complexity="7">
          <methods>
            <method name="get_AccountRef" signature="()" line-rate="1" branch-rate="1" complexity="1">
              <lines>
                <line number="7" hits="11" branch="False" />
              </lines>
            </method>
            <method name="get_UPRN" signature="()" line-rate="1" branch-rate="1" complexity="1">
              <lines>
                <line number="8" hits="11" branch="False" />
              </lines>
            </method>
            <method name="get_FirstName" signature="()" line-rate="1" branch-rate="1" complexity="1">
              <lines>
                <line number="9" hits="11" branch="False" />
              </lines>
            </method>
            <method name="get_LastName" signature="()" line-rate="1" branch-rate="1" complexity="1">
              <lines>
                <line number="10" hits="11" branch="False" />
              </lines>
            </method>
            <method name="get_EmailList" signature="()" line-rate="1" branch-rate="1" complexity="1">
              <lines>
                <line number="11" hits="12" branch="False" />
              </lines>
            </method>
            <method name="get_PhoneNumberList" signature="()" line-rate="1" branch-rate="1" complexity="1">
              <lines>
                <line number="12" hits="12" branch="False" />
              </lines>
            </method>
            <method name="get_TaxPayerAddress" signature="()" line-rate="1" branch-rate="1" complexity="1">
              <lines>
                <line number="13" hits="12" branch="False" />
              </lines>
            </method>
          </methods>
          <lines>
            <line number="7" hits="11" branch="False" />
            <line number="8" hits="11" branch="False" />
            <line number="9" hits="11" branch="False" />
            <line number="10" hits="11" branch="False" />
            <line number="11" hits="12" branch="False" />
            <line number="12" hits="12" branch="False" />
            <line number="13" hits="12" branch="False" />
          </lines>
        </class>
        <class name="AcademyResidentInformationApi.V1.Boundary.Requests.ClaimantQueryParam" filename="V1/Boundary/Requests/ClaimantQueryParam.cs" line-rate="1" branch-rate="1" complexity="4">
          <methods>
            <method name="get_FirstName" signature="()" line-rate="1" branch-rate="1" complexity="1">
              <lines>
                <line number="8" hits="13" branch="False" />
              </lines>
            </method>
            <method name="get_LastName" signature="()" line-rate="1" branch-rate="1" complexity="1">
              <lines>
                <line number="11" hits="13" branch="False" />
              </lines>
            </method>
            <method name="get_Address" signature="()" line-rate="1" branch-rate="1" complexity="1">
              <lines>
                <line number="14" hits="12" branch="False" />
              </lines>
            </method>
            <method name="get_Postcode" signature="()" line-rate="1" branch-rate="1" complexity="1">
              <lines>
                <line number="17" hits="25" branch="False" />
              </lines>
            </method>
          </methods>
          <lines>
            <line number="8" hits="13" branch="False" />
            <line number="11" hits="13" branch="False" />
            <line number="14" hits="12" branch="False" />
            <line number="17" hits="25" branch="False" />
          </lines>
        </class>
      </classes>
    </package>
  </packages>
</coverage>